<?xml version="1.0" encoding="UTF-8"?>
<robot generator="Robot 4.1.3 (Python 3.7.5 on win32)" generated="20220114 10:15:39.350" rpa="true" schemaversion="2">
<suite id="s1" name="Tasks" source="c:\Users\Admin\Desktop\my-advance-Robot\tasks.robot">
<test id="s1-t1" name="Order robots from RobotSpareBin Industries Inc">
<kw name="Open Order Web Site">
<kw name="Open Available Browser" library="RPA.Browser.Selenium">
<arg>https://robotsparebinindustries.com/</arg>
<doc>Attempts to open a browser on the user's device from a set of
supported browsers. Automatically downloads a corresponding webdriver
if none is already installed.</doc>
<msg timestamp="20220114 10:15:44.624" level="INFO">Creating an instance of the Chrome WebDriver.</msg>
<msg timestamp="20220114 10:15:44.687" level="INFO">Created download root directory: C:\Users\Admin\AppData\Local\robocorp\webdrivers</msg>
<msg timestamp="20220114 10:15:44.687" level="INFO">Created symlink directory: C:\Users\Admin\AppData\Local\robocorp\webdrivers</msg>
<msg timestamp="20220114 10:15:44.688" level="INFO">Creating an instance of the Chrome WebDriver.</msg>
<msg timestamp="20220114 10:15:45.971" level="INFO">Created Chrome browser with arguments: --disable-dev-shm-usage --disable-web-security --allow-running-insecure-content --no-sandbox</msg>
<msg timestamp="20220114 10:15:45.971" level="INFO" html="true">&lt;p&gt;Attempted combinations:&lt;/p&gt;&lt;div class="doc"&gt;&lt;table&gt;&lt;tr&gt;&lt;th&gt;Browser&lt;/th&gt;&lt;th&gt;Download&lt;/th&gt;&lt;th&gt;Error&lt;/th&gt;&lt;/tr&gt;&lt;tr&gt;&lt;td&gt;Chrome&lt;/td&gt;&lt;td&gt;False&lt;/td&gt;&lt;td&gt;Message: 'chromedriver' executable needs to be in PATH. Please see https://sites.google.com/a/chromium.org/chromedriver/home
&lt;/td&gt;&lt;/tr&gt;&lt;tr&gt;&lt;td&gt;Chrome&lt;/td&gt;&lt;td&gt;True&lt;/td&gt;&lt;td&gt;&lt;/td&gt;&lt;/tr&gt;&lt;/table&gt;&lt;/div&gt;</msg>
<msg timestamp="20220114 10:15:45.971" level="INFO">Opening url 'https://robotsparebinindustries.com/'</msg>
<status status="PASS" starttime="20220114 10:15:44.620" endtime="20220114 10:15:47.275"/>
</kw>
<kw name="Get Secret" library="RPA.Robocorp.Vault">
<var>${Secret}</var>
<arg>robotsparebin</arg>
<doc>Read a secret from the configured source, e.g. Robocorp Vault,
and return it as a ``Secret`` object.</doc>
<msg timestamp="20220114 10:15:47.278" level="INFO">Protecting keyword: RPA.Robocorp.Vault.Get Secret</msg>
<msg timestamp="20220114 10:15:47.289" level="INFO">Log level changed from NONE to INFO.</msg>
<status status="PASS" starttime="20220114 10:15:47.277" endtime="20220114 10:15:47.288"/>
</kw>
<kw name="Input Text" library="RPA.Browser.Selenium">
<arg>username</arg>
<arg>${Secret}[username]</arg>
<doc>Types the given ``text`` into the text field identified by ``locator``.</doc>
<msg timestamp="20220114 10:15:47.292" level="INFO">Typing text 'maria' into text field 'username'.</msg>
<status status="PASS" starttime="20220114 10:15:47.290" endtime="20220114 10:15:47.368"/>
</kw>
<kw name="Input Password" library="RPA.Browser.Selenium">
<arg>password</arg>
<arg>${Secret}[password]</arg>
<doc>Types the given password into the text field identified by ``locator``.</doc>
<msg timestamp="20220114 10:15:47.371" level="INFO">Typing password into text field 'password'.</msg>
<msg timestamp="20220114 10:15:47.403" level="INFO">Temporally setting log level to: NONE</msg>
<msg timestamp="20220114 10:15:47.441" level="INFO">Log level changed from NONE to INFO.</msg>
<status status="PASS" starttime="20220114 10:15:47.369" endtime="20220114 10:15:47.441"/>
</kw>
<kw name="Submit Form" library="RPA.Browser.Selenium">
<doc>Submits a form identified by ``locator``.</doc>
<msg timestamp="20220114 10:15:47.443" level="INFO">Submitting form 'None'.</msg>
<status status="PASS" starttime="20220114 10:15:47.442" endtime="20220114 10:15:47.468"/>
</kw>
<kw name="Wait Until Page Contains Element" library="RPA.Browser.Selenium">
<arg>id:sales-form</arg>
<doc>Waits until the element ``locator`` appears on the current page.</doc>
<status status="PASS" starttime="20220114 10:15:47.469" endtime="20220114 10:15:47.911"/>
</kw>
<kw name="Click Element If Visible" library="RPA.Browser.Selenium">
<arg>xpath://a[contains(@href, '#/robot-order')]</arg>
<doc>Click element if it is visible</doc>
<msg timestamp="20220114 10:15:47.946" level="INFO">Element 'xpath://a[contains(@href, '#/robot-order')]' is displayed.</msg>
<msg timestamp="20220114 10:15:47.946" level="INFO">Clicking element 'xpath://a[contains(@href, '#/robot-order')]'.</msg>
<status status="PASS" starttime="20220114 10:15:47.913" endtime="20220114 10:15:48.003"/>
</kw>
<kw name="Wait Until Element Contains" library="RPA.Browser.Selenium">
<arg>xpath://button[contains(.,'OK')]</arg>
<arg>OK</arg>
<doc>Waits until the element ``locator`` contains ``text``.</doc>
<status status="PASS" starttime="20220114 10:15:48.005" endtime="20220114 10:15:48.030"/>
</kw>
<kw name="Click Element If Visible" library="RPA.Browser.Selenium">
<arg>xpath://button[contains(.,'OK')]</arg>
<doc>Click element if it is visible</doc>
<msg timestamp="20220114 10:15:48.051" level="INFO">Element 'xpath://button[contains(.,'OK')]' is displayed.</msg>
<msg timestamp="20220114 10:15:48.052" level="INFO">Clicking element 'xpath://button[contains(.,'OK')]'.</msg>
<status status="PASS" starttime="20220114 10:15:48.032" endtime="20220114 10:15:48.084"/>
</kw>
<status status="PASS" starttime="20220114 10:15:44.618" endtime="20220114 10:15:48.085"/>
</kw>
<kw name="Log" library="BuiltIn">
<arg>Done.</arg>
<doc>Logs the given message with the given level.</doc>
<msg timestamp="20220114 10:15:48.088" level="INFO">Done.</msg>
<status status="PASS" starttime="20220114 10:15:48.087" endtime="20220114 10:15:48.088"/>
</kw>
<status status="PASS" starttime="20220114 10:15:44.612" endtime="20220114 10:15:48.090"/>
</test>
<doc>Orders robots from RobotSpareBin Industries Inc.
Saves the order HTML receipt as a PDF file.
Saves the screenshot of the ordered robot.
Embeds the screenshot of the robot to the PDF receipt.
Creates ZIP archive of the receipts and the images.</doc>
<status status="PASS" starttime="20220114 10:15:39.356" endtime="20220114 10:15:48.096"/>
</suite>
<statistics>
<total>
<stat pass="1" fail="0" skip="0">All Tasks</stat>
</total>
<tag>
</tag>
<suite>
<stat pass="1" fail="0" skip="0" id="s1" name="Tasks">Tasks</stat>
</suite>
</statistics>
<errors>
</errors>
</robot>
